2023-03-09 11:59:45,696  INFO - Starting spider for https://karrikinsgroup.com
2023-03-09 12:01:43,405  INFO - DONE
2023-03-09 12:01:43,406  INFO - https://karrikinsgroup.com: {"status": "COMPLETE"}
2023-03-09 12:01:43,406  INFO - https://karrikinsgroup.com/our-approach/: {"status": "COMPLETE"}
2023-03-09 12:01:43,406  INFO - https://karrikinsgroup.com/how-we-help/: {"status": "COMPLETE"}
2023-03-09 12:01:43,406  INFO - https://karrikinsgroup.com/alignment-journey/: {"status": "COMPLETE"}
2023-03-09 12:01:43,406  INFO - https://karrikinsgroup.com/dynamic-strategy/: {"status": "COMPLETE"}
2023-03-09 12:01:43,406  INFO - https://karrikinsgroup.com/board-alignment/: {"status": "COMPLETE"}
2023-03-09 12:01:43,406  INFO - https://karrikinsgroup.com/alignment-institute/: {"status": "COMPLETE"}
2023-03-09 12:01:43,407  INFO - https://karrikinsgroup.com/catalytic-events/: {"status": "COMPLETE"}
2023-03-09 12:01:43,407  INFO - https://karrikinsgroup.com/insights/: {"status": "COMPLETE"}
2023-03-09 12:01:43,407  INFO - https://karrikinsgroup.com/meet-karrikins/: {"status": "COMPLETE"}
2023-03-09 12:01:43,407  INFO - https://karrikinsgroup.com/coffee-break-corner/: {"status": "COMPLETE"}
2023-03-09 12:01:43,407  INFO - https://karrikinsgroup.com/contact-us/: {"status": "COMPLETE"}
2023-03-09 12:01:43,407  INFO - https://karrikinsgroup.com/shop/: {"status": "COMPLETE"}
2023-03-09 12:01:43,407  INFO - https://karrikinsgroup.com/2023/02/19/leading-through-challenge/: {"status": "COMPLETE"}
2023-03-09 12:01:43,407  INFO - https://karrikinsgroup.com/2022/10/28/evaluating-your-strategy/: {"status": "COMPLETE"}
2023-03-09 12:01:43,407  INFO - https://karrikinsgroup.com/2022/09/14/minding-the-failure-gap/: {"status": "COMPLETE"}
2023-03-09 12:01:43,407  INFO - https://karrikinsgroup.com/privacy-policy/: {"status": "COMPLETE"}
2023-03-09 12:01:43,407  INFO - https://karrikinsgroup.com/terms-and-conditions/: {"status": "COMPLETE"}
2023-03-09 12:01:43,407  INFO - https://karrikinsgroup.com/personal-data-request/: {"status": "COMPLETE"}
2023-03-09 12:01:43,407  INFO - https://karrikinsgroup.com/: {"status": "COMPLETE"}
2023-03-09 12:01:43,407  INFO - https://karrikinsgroup.com/meet-karrikins/annmarie-logue/: {"status": "COMPLETE"}
2023-03-09 12:01:43,407  INFO - https://karrikinsgroup.com/meet-karrikins/julie-williamson/: {"status": "COMPLETE"}
2023-03-09 12:01:43,407  INFO - https://karrikinsgroup.com/aligned-leader-program/: {"status": "COMPLETE"}
2023-03-09 12:01:43,407  INFO - https://karrikinsgroup.com/align-for-action-program/: {"status": "COMPLETE"}
2023-03-09 12:01:43,407  INFO - https://karrikinsgroup.com/2022/09/15/ambitious-strategy/: {"status": "COMPLETE"}
2023-03-09 12:01:43,407  INFO - https://karrikinsgroup.com/2022/09/07/building-optimism-into-your-leadership-2/: {"status": "COMPLETE"}
2023-03-09 12:01:43,408  INFO - https://karrikinsgroup.com/intentional-optimism-guide/: {"status": "COMPLETE"}
2023-03-09 12:01:43,408  INFO - https://karrikinsgroup.com/video/leader-activation/: {"status": "COMPLETE"}
2023-03-09 12:01:43,408  INFO - https://karrikinsgroup.com/video/how-to-lead-with-intentional-optimism-inspire-your-team-to-explore-take-risks-and-grow/: {"status": "COMPLETE"}
2023-03-09 12:01:43,408  INFO - https://karrikinsgroup.com/video/know-your-diamond-triangle-workshop/: {"status": "COMPLETE"}
2023-03-09 12:01:43,408  INFO - https://karrikinsgroup.com/video/infectious-leadership-how-you-can-boost-your-team/: {"status": "COMPLETE"}
2023-03-09 12:01:43,408  INFO - https://karrikinsgroup.com/video/dont-let-strategy-be-a-side-hustle/: {"status": "COMPLETE"}
2023-03-09 12:01:43,408  INFO - https://karrikinsgroup.com/video/from-stalled-to-success-the-power-of-leadership-alignment/: {"status": "COMPLETE"}
2023-03-09 12:01:43,408  INFO - https://karrikinsgroup.com/video/agreement-to-alignment/: {"status": "COMPLETE"}
2023-03-09 12:01:43,408  INFO - https://karrikinsgroup.com/video/start-2021-right-know-your-leadership-how/: {"status": "COMPLETE"}
2023-03-09 12:01:43,408  INFO - https://karrikinsgroup.com/meet-karrikins/carol-bertola/: {"status": "COMPLETE"}
2023-03-09 12:01:43,408  INFO - https://karrikinsgroup.com/meet-karrikins/kate-huckabay/: {"status": "COMPLETE"}
2023-03-09 12:01:43,408  INFO - https://karrikinsgroup.com/meet-karrikins/bruce-siegel/: {"status": "COMPLETE"}
2023-03-09 12:01:43,408  INFO - https://karrikinsgroup.com/meet-karrikins/brent-bowman/: {"status": "COMPLETE"}
2023-03-09 12:01:43,408  INFO - https://karrikinsgroup.com/intentional-optimism-pillar/: {"status": "COMPLETE"}
2023-03-09 12:01:43,408  INFO - https://karrikinsgroup.com/aligned-leadership-guide/: {"status": "COMPLETE"}
2023-03-09 12:01:43,408  INFO - https://karrikinsgroup.com/2023/03/06/energize-your-transformation/: {"status": "COMPLETE"}
2023-03-09 12:01:43,408  INFO - https://karrikinsgroup.com/2022/10/27/webinar-dont-let-strategy-be-a-side-hustle/: {"status": "COMPLETE"}
2023-03-09 12:01:43,408  INFO - https://karrikinsgroup.com/2022/09/16/how-to-lead-with-intentional-optimism-video/: {"status": "COMPLETE"}
2023-03-09 12:01:43,408  INFO - https://karrikinsgroup.com/2022/09/07/ambitious-business-strategy/: {"status": "COMPLETE"}
2023-03-09 12:01:43,409  INFO - https://karrikinsgroup.com/2022/07/04/how-to-lead-together/: {"status": "COMPLETE"}
2023-03-09 12:01:43,409  INFO - https://karrikinsgroup.com/2022/07/03/minding-the-failure-gap-closing-the-space-between-agreement-and-alignment/: {"status": "COMPLETE"}
2023-03-09 12:01:43,409  INFO - https://karrikinsgroup.com/insights/worth-watching-insights/: {"status": "COMPLETE"}
2023-03-09 12:01:43,409  INFO - https://karrikinsgroup.com/2022/09/14/5-ways-to-help-leaders-align/: {"status": "COMPLETE"}
2023-03-09 12:01:43,409  INFO - https://karrikinsgroup.com/2022/09/13/optimism-disposition-self-scan/: {"status": "COMPLETE"}
2023-03-09 12:01:43,409  INFO - https://karrikinsgroup.com/2022/09/08/opt-in-how-intentional-optimism-can-change-everything/: {"status": "COMPLETE"}
2023-03-09 12:01:43,409  INFO - https://karrikinsgroup.com/insights/worth-reading-insights/: {"status": "COMPLETE"}
2023-03-09 12:01:43,409  INFO - https://karrikinsgroup.com/2021/09/04/building-optimism-into-your-leadership/: {"status": "COMPLETE"}
2023-03-09 12:01:43,409  INFO - https://karrikinsgroup.com/2020/10/30/building-a-company-that-matters-on-inc/: {"status": "COMPLETE"}
2023-03-09 12:01:43,409  INFO - https://karrikinsgroup.com/intentional-optimism-guide/page/2/: {"status": "COMPLETE"}
2023-03-09 12:01:43,409  INFO - https://karrikinsgroup.com/2022/02/21/webinar-from-stalled-to-success-the-power-of-leadership-alignment/: {"status": "COMPLETE"}
2023-03-09 12:01:43,409  INFO - https://karrikinsgroup.com/2021/11/20/agreement-to-alignment-the-power-of-allies-2/: {"status": "COMPLETE"}
2023-03-09 12:01:43,409  INFO - https://karrikinsgroup.com/who-are-karrikins/julie-williamson/: {"status": "COMPLETE"}
2023-03-09 12:01:43,409  INFO - https://karrikinsgroup.com/2022/09/07/strategy-is-not-a-side-hustle-article/: {"status": "COMPLETE"}
2023-03-09 12:01:43,409  INFO - https://karrikinsgroup.com/2021/03/01/what-the-kitchen-sink-can-teach-us-about-alignment-4-common-tradeoffs-holding-leaders-back/: {"status": "COMPLETE"}
2023-03-09 12:01:43,409  INFO - https://karrikinsgroup.com/2021/03/01/purpose-aligned-leadership/: {"status": "COMPLETE"}
2023-03-09 12:01:43,409  INFO - https://karrikinsgroup.com/2021/02/28/its-up-to-them-why-leaders-must-do-the-hard-work-of-alignment/: {"status": "COMPLETE"}
2023-03-09 12:01:43,409  INFO - https://karrikinsgroup.com/2021/01/26/co-creation-sessions/: {"status": "COMPLETE"}
2023-03-09 12:01:43,409  INFO - https://karrikinsgroup.com/2021/01/25/build-better-connections/: {"status": "COMPLETE"}
2023-03-09 12:01:43,409  INFO - https://karrikinsgroup.com/2020/10/30/5-ways-to-create-purposeful-conversations/: {"status": "COMPLETE"}
2023-03-09 12:01:43,410  INFO - https://karrikinsgroup.com/2021/11/01/minding-the-failure-gap-closing-the-space-between-agreement-and-alignment/: {"status": "COMPLETE"}
2023-03-09 12:01:43,410  INFO - https://karrikinsgroup.com/aligned-leadership-guide/page/2/: {"status": "COMPLETE"}
2023-03-09 12:01:43,410  INFO - https://karrikinsgroup.com/aligned-leadership-guide/page/3/: {"status": "COMPLETE"}
2023-03-09 12:01:43,410  INFO - https://karrikinsgroup.com/2021/02/22/its-up-to-them-why-leaders-must-do-the-hard-work-of-alignment/: {"status": "COMPLETE"}
2023-03-09 12:01:43,410  INFO - https://karrikinsgroup.com/download-the-power-of-allies/: {"status": "COMPLETE"}
